[debug] [2020-05-12T12:22:42.547Z] ----------------------------------------------------------------------
[debug] [2020-05-12T12:22:42.551Z] Command:       /usr/local/Cellar/node/13.13.0_1/bin/node /usr/local/bin/firebase serve --only hosting,functions
[debug] [2020-05-12T12:22:42.551Z] CLI Version:   8.1.1
[debug] [2020-05-12T12:22:42.551Z] Platform:      darwin
[debug] [2020-05-12T12:22:42.551Z] Node Version:  v13.13.0
[debug] [2020-05-12T12:22:42.552Z] Time:          Tue May 12 2020 15:22:42 GMT+0300 (East Africa Time)
[debug] [2020-05-12T12:22:42.552Z] ----------------------------------------------------------------------
[debug] [2020-05-12T12:22:42.553Z] 
[debug] [2020-05-12T12:22:42.565Z] > command requires scopes: ["email","openid","https://www.googleapis.com/auth/cloudplatformprojects.readonly","https://www.googleapis.com/auth/firebase","https://www.googleapis.com/auth/cloud-platform"]
[debug] [2020-05-12T12:22:42.565Z] > authorizing via signed-in user
[debug] [2020-05-12T12:22:42.566Z] [iam] checking project yetu-festival for permissions ["firebase.projects.get"]
[debug] [2020-05-12T12:22:42.568Z] >>> HTTP REQUEST POST https://cloudresourcemanager.googleapis.com/v1/projects/yetu-festival:testIamPermissions  
 {"permissions":["firebase.projects.get"]}
[debug] [2020-05-12T12:22:44.597Z] <<< HTTP RESPONSE 200 {"content-type":"application/json; charset=UTF-8","vary":"X-Origin, Referer, Origin,Accept-Encoding","date":"Tue, 12 May 2020 12:22:46 GMT","server":"ESF","cache-control":"private","x-xss-protection":"0","x-frame-options":"SAMEORIGIN","x-content-type-options":"nosniff","server-timing":"gfet4t7; dur=1307","alt-svc":"h3-27=\":443\"; ma=2592000,h3-25=\":443\"; ma=2592000,h3-T050=\":443\"; ma=2592000,h3-Q050=\":443\"; ma=2592000,h3-Q049=\":443\"; ma=2592000,h3-Q048=\":443\"; ma=2592000,h3-Q046=\":443\"; ma=2592000,h3-Q043=\":443\"; ma=2592000,quic=\":443\"; ma=2592000; v=\"46,43\"","accept-ranges":"none","transfer-encoding":"chunked"}
[debug] [2020-05-12T12:22:44.599Z] >>> HTTP REQUEST GET https://firebase.googleapis.com/v1beta1/projects/yetu-festival  
 
[debug] [2020-05-12T12:22:45.335Z] <<< HTTP RESPONSE 200 {"content-type":"application/json; charset=UTF-8","vary":"X-Origin, Referer, Origin,Accept-Encoding","date":"Tue, 12 May 2020 12:22:47 GMT","server":"ESF","cache-control":"private","x-xss-protection":"0","x-frame-options":"SAMEORIGIN","x-content-type-options":"nosniff","alt-svc":"h3-27=\":443\"; ma=2592000,h3-25=\":443\"; ma=2592000,h3-Q050=\":443\"; ma=2592000,h3-Q049=\":443\"; ma=2592000,h3-Q048=\":443\"; ma=2592000,h3-Q046=\":443\"; ma=2592000,h3-Q043=\":443\"; ma=2592000,quic=\":443\"; ma=2592000; v=\"46,43\"","accept-ranges":"none","transfer-encoding":"chunked"}
[debug] [2020-05-12T12:22:45.339Z] >>> HTTP REQUEST GET https://firebase.googleapis.com/v1beta1/projects/yetu-festival/webApps/-/config  
 
[warn] ⚠  Your requested "node" version "8" doesn't match your global version "13"
[info] ✔  functions: functions emulator started at http://localhost:5001
[debug] [2020-05-12T12:22:46.200Z] <<< HTTP RESPONSE 200 {"content-type":"application/json; charset=UTF-8","vary":"X-Origin, Referer, Origin,Accept-Encoding","date":"Tue, 12 May 2020 12:22:48 GMT","server":"ESF","cache-control":"private","x-xss-protection":"0","x-frame-options":"SAMEORIGIN","x-content-type-options":"nosniff","alt-svc":"h3-27=\":443\"; ma=2592000,h3-25=\":443\"; ma=2592000,h3-Q050=\":443\"; ma=2592000,h3-Q049=\":443\"; ma=2592000,h3-Q048=\":443\"; ma=2592000,h3-Q046=\":443\"; ma=2592000,h3-Q043=\":443\"; ma=2592000,quic=\":443\"; ma=2592000; v=\"46,43\"","accept-ranges":"none","transfer-encoding":"chunked"}
[info] i  functions: Watching "/Users/tessydeiza/Documents/RALWorkSapce/yetu-festival/functions" for Cloud Functions...
[debug] [2020-05-12T12:22:46.247Z] [worker-pool] addWorker(~diagnostic~) 
[debug] [2020-05-12T12:22:46.247Z] [worker-pool] Adding worker with key ~diagnostic~, total=1 
[debug] [2020-05-12T12:22:46.247Z] [worker-pool] submitWork(triggerId=) 
[debug] [2020-05-12T12:22:46.248Z] [worker-~diagnostic~-b3923c97-484e-4276-a4df-88128d3481f5]: Assigning socketPath: /var/folders/4f/6_y5t_ld1tz9pdxbrtl72whh0000gn/T/fire_emu_33372.sock 
[debug] [2020-05-12T12:22:46.248Z] [worker-~diagnostic~-b3923c97-484e-4276-a4df-88128d3481f5]: BUSY 
[info] i  hosting: Serving hosting files from: public
[info] ✔  hosting: Local server: http://localhost:5000
[debug] [2020-05-12T12:22:46.515Z] [runtime-status] [33372] Functions runtime initialized. {"cwd":"/Users/tessydeiza/Documents/RALWorkSapce/yetu-festival/functions","node_version":"13.13.0"} 
[debug] [2020-05-12T12:22:46.516Z] [runtime-status] [33372] Disabled runtime features: undefined 
[debug] [2020-05-12T12:22:46.518Z] [runtime-status] [33372] Resolved module firebase-admin {"declared":true,"installed":true,"version":"8.10.0","resolution":"/Users/tessydeiza/Documents/RALWorkSapce/yetu-festival/functions/node_modules/firebase-admin/lib/index.js"} 
[debug] [2020-05-12T12:22:46.518Z] [runtime-status] [33372] Resolved module firebase-functions {"declared":true,"installed":true,"version":"3.6.0","resolution":"/Users/tessydeiza/Documents/RALWorkSapce/yetu-festival/functions/node_modules/firebase-functions/lib/index.js"} 
[debug] [2020-05-12T12:22:46.520Z] [runtime-status] [33372] Outgoing network have been stubbed. [{"name":"http","status":"mocked"},{"name":"http","status":"mocked"},{"name":"https","status":"mocked"},{"name":"https","status":"mocked"},{"name":"net","status":"mocked"}] 
[debug] [2020-05-12T12:22:46.549Z] [runtime-status] [33372] Checked functions.config() {"config":{}} 
[debug] [2020-05-12T12:22:46.550Z] [runtime-status] [33372] Resolved module firebase-functions {"declared":true,"installed":true,"version":"3.6.0","resolution":"/Users/tessydeiza/Documents/RALWorkSapce/yetu-festival/functions/node_modules/firebase-functions/lib/index.js"} 
[debug] [2020-05-12T12:22:46.551Z] [runtime-status] [33372] Resolved module firebase-admin {"declared":true,"installed":true,"version":"8.10.0","resolution":"/Users/tessydeiza/Documents/RALWorkSapce/yetu-festival/functions/node_modules/firebase-admin/lib/index.js"} 
[debug] [2020-05-12T12:22:46.551Z] [runtime-status] [33372] Resolved module firebase-functions {"declared":true,"installed":true,"version":"3.6.0","resolution":"/Users/tessydeiza/Documents/RALWorkSapce/yetu-festival/functions/node_modules/firebase-functions/lib/index.js"} 
[debug] [2020-05-12T12:22:46.551Z] [runtime-status] [33372] firebase-admin has been stubbed. {"adminResolution":{"declared":true,"installed":true,"version":"8.10.0","resolution":"/Users/tessydeiza/Documents/RALWorkSapce/yetu-festival/functions/node_modules/firebase-admin/lib/index.js"}} 
[debug] [2020-05-12T12:22:46.655Z] [runtime-status] [33372] config() parent accessed! {"parentKey":"firebase","parentConfig":{}} 
[debug] [2020-05-12T12:22:46.656Z] [runtime-status] [33372] initializeApp(DEFAULT) {"databaseURL":"https://yetu-festival.firebaseio.com","storageBucket":"yetu-festival.appspot.com","projectId":"yetu-festival"} 
[info] ✔  functions[app]: http function initialized (http://localhost:5001/yetu-festival/us-central1/app).
[debug] [2020-05-12T12:22:46.659Z] [worker-~diagnostic~-b3923c97-484e-4276-a4df-88128d3481f5]: IDLE 
[info] [hosting] Rewriting /about-us to http://localhost:5001/yetu-festival/us-central1/app for local Function app
[debug] [2020-05-12T12:23:14.252Z] [work-queue] {"queueLength":1,"workRunningCount":0}
[debug] [2020-05-12T12:23:14.252Z] [work-queue] {"queueLength":0,"workRunningCount":1}
[debug] [2020-05-12T12:23:14.253Z] Accepted request GET /yetu-festival/us-central1/app/about-us --> app
[debug] [2020-05-12T12:23:14.257Z] [worker-pool] addWorker(app) 
[debug] [2020-05-12T12:23:14.257Z] [worker-pool] Adding worker with key app, total=1 
[debug] [2020-05-12T12:23:14.257Z] [worker-pool] submitWork(triggerId=app) 
[debug] [2020-05-12T12:23:14.258Z] [worker-app-a5accb25-4de2-4a98-9fa2-e511943e7418]: Assigning socketPath: /var/folders/4f/6_y5t_ld1tz9pdxbrtl72whh0000gn/T/fire_emu_33373.sock 
[debug] [2020-05-12T12:23:14.258Z] [worker-app-a5accb25-4de2-4a98-9fa2-e511943e7418]: BUSY 
[debug] [2020-05-12T12:23:14.534Z] [runtime-status] [33373] Functions runtime initialized. {"cwd":"/Users/tessydeiza/Documents/RALWorkSapce/yetu-festival/functions","node_version":"13.13.0"} 
[debug] [2020-05-12T12:23:14.536Z] [runtime-status] [33373] Disabled runtime features: undefined 
[debug] [2020-05-12T12:23:14.537Z] [runtime-status] [33373] Resolved module firebase-admin {"declared":true,"installed":true,"version":"8.10.0","resolution":"/Users/tessydeiza/Documents/RALWorkSapce/yetu-festival/functions/node_modules/firebase-admin/lib/index.js"} 
[debug] [2020-05-12T12:23:14.539Z] [runtime-status] [33373] Resolved module firebase-functions {"declared":true,"installed":true,"version":"3.6.0","resolution":"/Users/tessydeiza/Documents/RALWorkSapce/yetu-festival/functions/node_modules/firebase-functions/lib/index.js"} 
[debug] [2020-05-12T12:23:14.541Z] [runtime-status] [33373] Outgoing network have been stubbed. [{"name":"http","status":"mocked"},{"name":"http","status":"mocked"},{"name":"https","status":"mocked"},{"name":"https","status":"mocked"},{"name":"net","status":"mocked"}] 
[debug] [2020-05-12T12:23:14.571Z] [runtime-status] [33373] Checked functions.config() {"config":{}} 
[debug] [2020-05-12T12:23:14.572Z] [runtime-status] [33373] Resolved module firebase-functions {"declared":true,"installed":true,"version":"3.6.0","resolution":"/Users/tessydeiza/Documents/RALWorkSapce/yetu-festival/functions/node_modules/firebase-functions/lib/index.js"} 
[debug] [2020-05-12T12:23:14.572Z] [runtime-status] [33373] Resolved module firebase-admin {"declared":true,"installed":true,"version":"8.10.0","resolution":"/Users/tessydeiza/Documents/RALWorkSapce/yetu-festival/functions/node_modules/firebase-admin/lib/index.js"} 
[debug] [2020-05-12T12:23:14.573Z] [runtime-status] [33373] Resolved module firebase-functions {"declared":true,"installed":true,"version":"3.6.0","resolution":"/Users/tessydeiza/Documents/RALWorkSapce/yetu-festival/functions/node_modules/firebase-functions/lib/index.js"} 
[debug] [2020-05-12T12:23:14.573Z] [runtime-status] [33373] firebase-admin has been stubbed. {"adminResolution":{"declared":true,"installed":true,"version":"8.10.0","resolution":"/Users/tessydeiza/Documents/RALWorkSapce/yetu-festival/functions/node_modules/firebase-admin/lib/index.js"}} 
[debug] [2020-05-12T12:23:14.682Z] [runtime-status] [33373] config() parent accessed! {"parentKey":"firebase","parentConfig":{}} 
[debug] [2020-05-12T12:23:14.682Z] [runtime-status] [33373] initializeApp(DEFAULT) {"databaseURL":"https://yetu-festival.firebaseio.com","storageBucket":"yetu-festival.appspot.com","projectId":"yetu-festival"} 
[debug] [2020-05-12T12:23:14.684Z] [runtime-status] [33373] Trigger "app" has been found, beginning invocation! 
[info] i  functions: Beginning execution of "app"
[debug] [2020-05-12T12:23:14.685Z] [runtime-status] [33373] triggerDefinition {"httpsTrigger":{},"name":"app","entryPoint":"app"} 
[debug] [2020-05-12T12:23:14.685Z] [runtime-status] [33373] Running app in mode HTTPS 
[debug] [2020-05-12T12:23:14.690Z] [runtime-status] [33373] Attempting to listen to socketPath: /var/folders/4f/6_y5t_ld1tz9pdxbrtl72whh0000gn/T/fire_emu_33373.sock 
[debug] [2020-05-12T12:23:14.693Z] [functions] Runtime ready! Sending request! 
[debug] [2020-05-12T12:23:14.703Z] [runtime-status] [33373] Ephemeral server handling GET request 
[debug] [2020-05-12T12:23:14.708Z] [runtime-status] [33373] Ephemeral server survived. 
[info] i  functions: Finished "app" in ~1s
[debug] [2020-05-12T12:23:14.714Z] [worker-app-a5accb25-4de2-4a98-9fa2-e511943e7418]: IDLE 
[debug] [2020-05-12T12:23:14.714Z] [work-queue] {"queueLength":0,"workRunningCount":0}
[info] [hosting] Rewriting / to http://localhost:5001/yetu-festival/us-central1/app for local Function app
[debug] [2020-05-12T12:23:20.266Z] [work-queue] {"queueLength":1,"workRunningCount":0}
[debug] [2020-05-12T12:23:20.266Z] [work-queue] {"queueLength":0,"workRunningCount":1}
[debug] [2020-05-12T12:23:20.267Z] Accepted request GET /yetu-festival/us-central1/app/ --> app
[debug] [2020-05-12T12:23:20.267Z] [worker-pool] submitWork(triggerId=app) 
[debug] [2020-05-12T12:23:20.267Z] [worker-app-a5accb25-4de2-4a98-9fa2-e511943e7418]: Assigning socketPath: /var/folders/4f/6_y5t_ld1tz9pdxbrtl72whh0000gn/T/fire_emu_33373.sock 
[debug] [2020-05-12T12:23:20.268Z] [worker-app-a5accb25-4de2-4a98-9fa2-e511943e7418]: BUSY 
[debug] [2020-05-12T12:23:20.269Z] [runtime-status] [33373] Trigger "app" has been found, beginning invocation! 
[info] i  functions: Beginning execution of "app"
[debug] [2020-05-12T12:23:20.270Z] [runtime-status] [33373] triggerDefinition {"httpsTrigger":{},"name":"app","entryPoint":"app"} 
[debug] [2020-05-12T12:23:20.270Z] [runtime-status] [33373] Running app in mode HTTPS 
[debug] [2020-05-12T12:23:20.270Z] [runtime-status] [33373] Attempting to listen to socketPath: /var/folders/4f/6_y5t_ld1tz9pdxbrtl72whh0000gn/T/fire_emu_33373.sock 
[debug] [2020-05-12T12:23:20.272Z] [functions] Runtime ready! Sending request! 
[debug] [2020-05-12T12:23:20.277Z] [runtime-status] [33373] Ephemeral server handling GET request 
[warn] ⚠  functions: The Cloud Firestore emulator is not running, so calls to Firestore will affect production.
[debug] [2020-05-12T12:23:20.698Z] [runtime-status] [33373] Ephemeral server survived. 
[warn] ⚠  External network resource requested!
   - URL: "http://169.254.169.254/computeMetadata/v1/instance"
 - Be careful, this may be a production service.
[warn] ⚠  External network resource requested!
   - URL: "http://metadata.google.internal./computeMetadata/v1/instance"
 - Be careful, this may be a production service.
[info] >  Error getting document Error: Could not load the default credentials. Browse to https://cloud.google.com/docs/authentication/getting-started for more information. {"user":"Error getting document Error: Could not load the default credentials. Browse to https://cloud.google.com/docs/authentication/getting-started for more information."}
[info] >      at GoogleAuth.getApplicationDefaultAsync (/Users/tessydeiza/Documents/RALWorkSapce/yetu-festival/functions/node_modules/google-auth-library/build/src/auth/googleauth.js:160:19) {"user":"    at GoogleAuth.getApplicationDefaultAsync (/Users/tessydeiza/Documents/RALWorkSapce/yetu-festival/functions/node_modules/google-auth-library/build/src/auth/googleauth.js:160:19)"}
[info] >      at processTicksAndRejections (internal/process/task_queues.js:97:5) {"user":"    at processTicksAndRejections (internal/process/task_queues.js:97:5)"}
[info] >      at async GoogleAuth.getClient (/Users/tessydeiza/Documents/RALWorkSapce/yetu-festival/functions/node_modules/google-auth-library/build/src/auth/googleauth.js:502:17) {"user":"    at async GoogleAuth.getClient (/Users/tessydeiza/Documents/RALWorkSapce/yetu-festival/functions/node_modules/google-auth-library/build/src/auth/googleauth.js:502:17)"}
[info] >      at async GrpcClient._getCredentials (/Users/tessydeiza/Documents/RALWorkSapce/yetu-festival/functions/node_modules/google-gax/build/src/grpc.js:92:24) {"user":"    at async GrpcClient._getCredentials (/Users/tessydeiza/Documents/RALWorkSapce/yetu-festival/functions/node_modules/google-gax/build/src/grpc.js:92:24)"}
[info] >      at async GrpcClient.createStub (/Users/tessydeiza/Documents/RALWorkSapce/yetu-festival/functions/node_modules/google-gax/build/src/grpc.js:213:23) {"user":"    at async GrpcClient.createStub (/Users/tessydeiza/Documents/RALWorkSapce/yetu-festival/functions/node_modules/google-gax/build/src/grpc.js:213:23)"}
[info] i  functions: Finished "app" in ~8s
[debug] [2020-05-12T12:23:29.220Z] [worker-app-a5accb25-4de2-4a98-9fa2-e511943e7418]: IDLE 
[debug] [2020-05-12T12:23:29.220Z] [work-queue] {"queueLength":0,"workRunningCount":0}
[info] [hosting] Rewriting /about-us to http://localhost:5001/yetu-festival/us-central1/app for local Function app
[debug] [2020-05-12T12:23:34.477Z] [work-queue] {"queueLength":1,"workRunningCount":0}
[debug] [2020-05-12T12:23:34.477Z] [work-queue] {"queueLength":0,"workRunningCount":1}
[debug] [2020-05-12T12:23:34.477Z] Accepted request GET /yetu-festival/us-central1/app/about-us --> app
[debug] [2020-05-12T12:23:34.478Z] [worker-pool] submitWork(triggerId=app) 
[debug] [2020-05-12T12:23:34.478Z] [worker-app-a5accb25-4de2-4a98-9fa2-e511943e7418]: Assigning socketPath: /var/folders/4f/6_y5t_ld1tz9pdxbrtl72whh0000gn/T/fire_emu_33373.sock 
[debug] [2020-05-12T12:23:34.478Z] [worker-app-a5accb25-4de2-4a98-9fa2-e511943e7418]: BUSY 
[debug] [2020-05-12T12:23:34.480Z] [runtime-status] [33373] Trigger "app" has been found, beginning invocation! 
[info] i  functions: Beginning execution of "app"
[debug] [2020-05-12T12:23:34.481Z] [runtime-status] [33373] triggerDefinition {"httpsTrigger":{},"name":"app","entryPoint":"app"} 
[debug] [2020-05-12T12:23:34.481Z] [runtime-status] [33373] Running app in mode HTTPS 
[debug] [2020-05-12T12:23:34.482Z] [runtime-status] [33373] Attempting to listen to socketPath: /var/folders/4f/6_y5t_ld1tz9pdxbrtl72whh0000gn/T/fire_emu_33373.sock 
[debug] [2020-05-12T12:23:34.483Z] [functions] Runtime ready! Sending request! 
[debug] [2020-05-12T12:23:34.488Z] [runtime-status] [33373] Ephemeral server handling GET request 
[debug] [2020-05-12T12:23:34.488Z] [runtime-status] [33373] Ephemeral server survived. 
[info] i  functions: Finished "app" in ~1s
[debug] [2020-05-12T12:23:34.495Z] [worker-app-a5accb25-4de2-4a98-9fa2-e511943e7418]: IDLE 
[debug] [2020-05-12T12:23:34.495Z] [work-queue] {"queueLength":0,"workRunningCount":0}
[info] [hosting] Rewriting / to http://localhost:5001/yetu-festival/us-central1/app for local Function app
[debug] [2020-05-12T12:27:38.605Z] [work-queue] {"queueLength":1,"workRunningCount":0}
[debug] [2020-05-12T12:27:38.605Z] [work-queue] {"queueLength":0,"workRunningCount":1}
[debug] [2020-05-12T12:27:38.605Z] Accepted request GET /yetu-festival/us-central1/app/ --> app
[debug] [2020-05-12T12:27:38.605Z] [worker-pool] submitWork(triggerId=app) 
[debug] [2020-05-12T12:27:38.605Z] [worker-app-a5accb25-4de2-4a98-9fa2-e511943e7418]: Assigning socketPath: /var/folders/4f/6_y5t_ld1tz9pdxbrtl72whh0000gn/T/fire_emu_33373.sock 
[debug] [2020-05-12T12:27:38.605Z] [worker-app-a5accb25-4de2-4a98-9fa2-e511943e7418]: BUSY 
[debug] [2020-05-12T12:27:38.606Z] [runtime-status] [33373] Trigger "app" has been found, beginning invocation! 
[info] i  functions: Beginning execution of "app"
[debug] [2020-05-12T12:27:38.607Z] [runtime-status] [33373] triggerDefinition {"httpsTrigger":{},"name":"app","entryPoint":"app"} 
[debug] [2020-05-12T12:27:38.607Z] [runtime-status] [33373] Running app in mode HTTPS 
[debug] [2020-05-12T12:27:38.607Z] [runtime-status] [33373] Attempting to listen to socketPath: /var/folders/4f/6_y5t_ld1tz9pdxbrtl72whh0000gn/T/fire_emu_33373.sock 
[debug] [2020-05-12T12:27:38.608Z] [functions] Runtime ready! Sending request! 
[debug] [2020-05-12T12:27:38.612Z] [runtime-status] [33373] Ephemeral server handling GET request 
[debug] [2020-05-12T12:27:38.612Z] [runtime-status] [33373] Ephemeral server survived. 
[info] [hosting] Rewriting / to http://localhost:5001/yetu-festival/us-central1/app for local Function app
[debug] [2020-05-12T12:27:43.590Z] [work-queue] {"queueLength":1,"workRunningCount":1}
[debug] [2020-05-12T12:27:43.591Z] [work-queue] {"queueLength":0,"workRunningCount":2}
[debug] [2020-05-12T12:27:43.591Z] Accepted request GET /yetu-festival/us-central1/app/ --> app
[debug] [2020-05-12T12:27:43.595Z] [worker-pool] addWorker(app) 
[debug] [2020-05-12T12:27:43.595Z] [worker-pool] Adding worker with key app, total=2 
[debug] [2020-05-12T12:27:43.595Z] [worker-pool] submitWork(triggerId=app) 
[debug] [2020-05-12T12:27:43.595Z] [worker-app-22821c78-b2a9-4615-af14-e0165e9e16db]: Assigning socketPath: /var/folders/4f/6_y5t_ld1tz9pdxbrtl72whh0000gn/T/fire_emu_33381.sock 
[debug] [2020-05-12T12:27:43.595Z] [worker-app-22821c78-b2a9-4615-af14-e0165e9e16db]: BUSY 
[debug] [2020-05-12T12:27:44.136Z] [runtime-status] [33381] Functions runtime initialized. {"cwd":"/Users/tessydeiza/Documents/RALWorkSapce/yetu-festival/functions","node_version":"13.13.0"} 
[debug] [2020-05-12T12:27:44.138Z] [runtime-status] [33381] Disabled runtime features: undefined 
[debug] [2020-05-12T12:27:44.141Z] [runtime-status] [33381] Resolved module firebase-admin {"declared":true,"installed":true,"version":"8.10.0","resolution":"/Users/tessydeiza/Documents/RALWorkSapce/yetu-festival/functions/node_modules/firebase-admin/lib/index.js"} 
[debug] [2020-05-12T12:27:44.142Z] [runtime-status] [33381] Resolved module firebase-functions {"declared":true,"installed":true,"version":"3.6.0","resolution":"/Users/tessydeiza/Documents/RALWorkSapce/yetu-festival/functions/node_modules/firebase-functions/lib/index.js"} 
[debug] [2020-05-12T12:27:44.144Z] [runtime-status] [33381] Outgoing network have been stubbed. [{"name":"http","status":"mocked"},{"name":"http","status":"mocked"},{"name":"https","status":"mocked"},{"name":"https","status":"mocked"},{"name":"net","status":"mocked"}] 
[debug] [2020-05-12T12:27:44.197Z] [runtime-status] [33381] Checked functions.config() {"config":{}} 
[debug] [2020-05-12T12:27:44.198Z] [runtime-status] [33381] Resolved module firebase-functions {"declared":true,"installed":true,"version":"3.6.0","resolution":"/Users/tessydeiza/Documents/RALWorkSapce/yetu-festival/functions/node_modules/firebase-functions/lib/index.js"} 
[debug] [2020-05-12T12:27:44.199Z] [runtime-status] [33381] Resolved module firebase-admin {"declared":true,"installed":true,"version":"8.10.0","resolution":"/Users/tessydeiza/Documents/RALWorkSapce/yetu-festival/functions/node_modules/firebase-admin/lib/index.js"} 
[debug] [2020-05-12T12:27:44.199Z] [runtime-status] [33381] Resolved module firebase-functions {"declared":true,"installed":true,"version":"3.6.0","resolution":"/Users/tessydeiza/Documents/RALWorkSapce/yetu-festival/functions/node_modules/firebase-functions/lib/index.js"} 
[debug] [2020-05-12T12:27:44.199Z] [runtime-status] [33381] firebase-admin has been stubbed. {"adminResolution":{"declared":true,"installed":true,"version":"8.10.0","resolution":"/Users/tessydeiza/Documents/RALWorkSapce/yetu-festival/functions/node_modules/firebase-admin/lib/index.js"}} 
[debug] [2020-05-12T12:27:44.436Z] [runtime-status] [33381] config() parent accessed! {"parentKey":"firebase","parentConfig":{}} 
[debug] [2020-05-12T12:27:44.437Z] [runtime-status] [33381] initializeApp(DEFAULT) {"databaseURL":"https://yetu-festival.firebaseio.com","storageBucket":"yetu-festival.appspot.com","projectId":"yetu-festival"} 
[debug] [2020-05-12T12:27:44.439Z] [runtime-status] [33381] Trigger "app" has been found, beginning invocation! 
[info] i  functions: Beginning execution of "app"
[debug] [2020-05-12T12:27:44.440Z] [runtime-status] [33381] triggerDefinition {"httpsTrigger":{},"name":"app","entryPoint":"app"} 
[debug] [2020-05-12T12:27:44.440Z] [runtime-status] [33381] Running app in mode HTTPS 
[debug] [2020-05-12T12:27:44.443Z] [runtime-status] [33381] Attempting to listen to socketPath: /var/folders/4f/6_y5t_ld1tz9pdxbrtl72whh0000gn/T/fire_emu_33381.sock 
[debug] [2020-05-12T12:27:44.445Z] [functions] Runtime ready! Sending request! 
[debug] [2020-05-12T12:27:44.452Z] [runtime-status] [33381] Ephemeral server handling GET request 
[warn] ⚠  functions: The Cloud Firestore emulator is not running, so calls to Firestore will affect production.
[debug] [2020-05-12T12:27:44.862Z] [runtime-status] [33381] Ephemeral server survived. 
[warn] ⚠  External network resource requested!
   - URL: "http://169.254.169.254/computeMetadata/v1/instance"
 - Be careful, this may be a production service.
[warn] ⚠  External network resource requested!
   - URL: "http://metadata.google.internal./computeMetadata/v1/instance"
 - Be careful, this may be a production service.
[info] >  Error getting document Error: Could not load the default credentials. Browse to https://cloud.google.com/docs/authentication/getting-started for more information. {"user":"Error getting document Error: Could not load the default credentials. Browse to https://cloud.google.com/docs/authentication/getting-started for more information."}
[info] >      at GoogleAuth.getApplicationDefaultAsync (/Users/tessydeiza/Documents/RALWorkSapce/yetu-festival/functions/node_modules/google-auth-library/build/src/auth/googleauth.js:160:19) {"user":"    at GoogleAuth.getApplicationDefaultAsync (/Users/tessydeiza/Documents/RALWorkSapce/yetu-festival/functions/node_modules/google-auth-library/build/src/auth/googleauth.js:160:19)"}
[info] >      at processTicksAndRejections (internal/process/task_queues.js:97:5) {"user":"    at processTicksAndRejections (internal/process/task_queues.js:97:5)"}
[info] >      at async GoogleAuth.getClient (/Users/tessydeiza/Documents/RALWorkSapce/yetu-festival/functions/node_modules/google-auth-library/build/src/auth/googleauth.js:502:17) {"user":"    at async GoogleAuth.getClient (/Users/tessydeiza/Documents/RALWorkSapce/yetu-festival/functions/node_modules/google-auth-library/build/src/auth/googleauth.js:502:17)"}
[info] >      at async GrpcClient._getCredentials (/Users/tessydeiza/Documents/RALWorkSapce/yetu-festival/functions/node_modules/google-gax/build/src/grpc.js:92:24) {"user":"    at async GrpcClient._getCredentials (/Users/tessydeiza/Documents/RALWorkSapce/yetu-festival/functions/node_modules/google-gax/build/src/grpc.js:92:24)"}
[info] >      at async GrpcClient.createStub (/Users/tessydeiza/Documents/RALWorkSapce/yetu-festival/functions/node_modules/google-gax/build/src/grpc.js:213:23) {"user":"    at async GrpcClient.createStub (/Users/tessydeiza/Documents/RALWorkSapce/yetu-festival/functions/node_modules/google-gax/build/src/grpc.js:213:23)"}
[info] i  functions: Finished "app" in ~9s
[debug] [2020-05-12T12:27:48.373Z] [worker-app-a5accb25-4de2-4a98-9fa2-e511943e7418]: IDLE 
[debug] [2020-05-12T12:27:48.373Z] [work-queue] {"queueLength":0,"workRunningCount":1}
[info] >  Error getting document Error: Could not load the default credentials. Browse to https://cloud.google.com/docs/authentication/getting-started for more information. {"user":"Error getting document Error: Could not load the default credentials. Browse to https://cloud.google.com/docs/authentication/getting-started for more information."}
[info] >      at GoogleAuth.getApplicationDefaultAsync (/Users/tessydeiza/Documents/RALWorkSapce/yetu-festival/functions/node_modules/google-auth-library/build/src/auth/googleauth.js:160:19) {"user":"    at GoogleAuth.getApplicationDefaultAsync (/Users/tessydeiza/Documents/RALWorkSapce/yetu-festival/functions/node_modules/google-auth-library/build/src/auth/googleauth.js:160:19)"}
[info] >      at processTicksAndRejections (internal/process/task_queues.js:97:5) {"user":"    at processTicksAndRejections (internal/process/task_queues.js:97:5)"}
[info] >      at async GoogleAuth.getClient (/Users/tessydeiza/Documents/RALWorkSapce/yetu-festival/functions/node_modules/google-auth-library/build/src/auth/googleauth.js:502:17) {"user":"    at async GoogleAuth.getClient (/Users/tessydeiza/Documents/RALWorkSapce/yetu-festival/functions/node_modules/google-auth-library/build/src/auth/googleauth.js:502:17)"}
[info] >      at async GrpcClient._getCredentials (/Users/tessydeiza/Documents/RALWorkSapce/yetu-festival/functions/node_modules/google-gax/build/src/grpc.js:92:24) {"user":"    at async GrpcClient._getCredentials (/Users/tessydeiza/Documents/RALWorkSapce/yetu-festival/functions/node_modules/google-gax/build/src/grpc.js:92:24)"}
[info] >      at async GrpcClient.createStub (/Users/tessydeiza/Documents/RALWorkSapce/yetu-festival/functions/node_modules/google-gax/build/src/grpc.js:213:23) {"user":"    at async GrpcClient.createStub (/Users/tessydeiza/Documents/RALWorkSapce/yetu-festival/functions/node_modules/google-gax/build/src/grpc.js:213:23)"}
[info] i  functions: Finished "app" in ~10s
[debug] [2020-05-12T12:27:54.922Z] [worker-app-22821c78-b2a9-4615-af14-e0165e9e16db]: IDLE 
[debug] [2020-05-12T12:27:54.923Z] [work-queue] {"queueLength":0,"workRunningCount":0}
[info] [hosting] Rewriting /about-us to http://localhost:5001/yetu-festival/us-central1/app for local Function app
[debug] [2020-05-12T12:30:48.599Z] [work-queue] {"queueLength":1,"workRunningCount":0}
[debug] [2020-05-12T12:30:48.599Z] [work-queue] {"queueLength":0,"workRunningCount":1}
[debug] [2020-05-12T12:30:48.600Z] Accepted request GET /yetu-festival/us-central1/app/about-us --> app
[debug] [2020-05-12T12:30:48.600Z] [worker-pool] submitWork(triggerId=app) 
[debug] [2020-05-12T12:30:48.600Z] [worker-app-a5accb25-4de2-4a98-9fa2-e511943e7418]: Assigning socketPath: /var/folders/4f/6_y5t_ld1tz9pdxbrtl72whh0000gn/T/fire_emu_33373.sock 
[debug] [2020-05-12T12:30:48.600Z] [worker-app-a5accb25-4de2-4a98-9fa2-e511943e7418]: BUSY 
[debug] [2020-05-12T12:30:48.603Z] [runtime-status] [33373] Trigger "app" has been found, beginning invocation! 
[info] i  functions: Beginning execution of "app"
[debug] [2020-05-12T12:30:48.603Z] [runtime-status] [33373] triggerDefinition {"httpsTrigger":{},"name":"app","entryPoint":"app"} 
[debug] [2020-05-12T12:30:48.603Z] [runtime-status] [33373] Running app in mode HTTPS 
[debug] [2020-05-12T12:30:48.603Z] [runtime-status] [33373] Attempting to listen to socketPath: /var/folders/4f/6_y5t_ld1tz9pdxbrtl72whh0000gn/T/fire_emu_33373.sock 
[debug] [2020-05-12T12:30:48.605Z] [functions] Runtime ready! Sending request! 
[debug] [2020-05-12T12:30:48.610Z] [runtime-status] [33373] Ephemeral server handling GET request 
[debug] [2020-05-12T12:30:48.611Z] [runtime-status] [33373] Ephemeral server survived. 
[info] i  functions: Finished "app" in ~1s
[debug] [2020-05-12T12:30:48.614Z] [worker-app-a5accb25-4de2-4a98-9fa2-e511943e7418]: IDLE 
[debug] [2020-05-12T12:30:48.614Z] [work-queue] {"queueLength":0,"workRunningCount":0}
[info] [hosting] Rewriting /about-us to http://localhost:5001/yetu-festival/us-central1/app for local Function app
[debug] [2020-05-12T12:42:49.819Z] [work-queue] {"queueLength":1,"workRunningCount":0}
[debug] [2020-05-12T12:42:49.819Z] [work-queue] {"queueLength":0,"workRunningCount":1}
[debug] [2020-05-12T12:42:49.820Z] Accepted request GET /yetu-festival/us-central1/app/about-us --> app
[debug] [2020-05-12T12:42:49.820Z] [worker-pool] submitWork(triggerId=app) 
[debug] [2020-05-12T12:42:49.820Z] [worker-app-a5accb25-4de2-4a98-9fa2-e511943e7418]: Assigning socketPath: /var/folders/4f/6_y5t_ld1tz9pdxbrtl72whh0000gn/T/fire_emu_33373.sock 
[debug] [2020-05-12T12:42:49.820Z] [worker-app-a5accb25-4de2-4a98-9fa2-e511943e7418]: BUSY 
[debug] [2020-05-12T12:42:49.822Z] [runtime-status] [33373] Trigger "app" has been found, beginning invocation! 
[info] i  functions: Beginning execution of "app"
[debug] [2020-05-12T12:42:49.823Z] [runtime-status] [33373] triggerDefinition {"httpsTrigger":{},"name":"app","entryPoint":"app"} 
[debug] [2020-05-12T12:42:49.823Z] [runtime-status] [33373] Running app in mode HTTPS 
[debug] [2020-05-12T12:42:49.823Z] [runtime-status] [33373] Attempting to listen to socketPath: /var/folders/4f/6_y5t_ld1tz9pdxbrtl72whh0000gn/T/fire_emu_33373.sock 
[debug] [2020-05-12T12:42:49.824Z] [functions] Runtime ready! Sending request! 
[debug] [2020-05-12T12:42:49.828Z] [runtime-status] [33373] Ephemeral server handling GET request 
[debug] [2020-05-12T12:42:49.829Z] [runtime-status] [33373] Ephemeral server survived. 
[info] i  functions: Finished "app" in ~1s
[debug] [2020-05-12T12:42:49.834Z] [worker-app-a5accb25-4de2-4a98-9fa2-e511943e7418]: IDLE 
[debug] [2020-05-12T12:42:49.835Z] [work-queue] {"queueLength":0,"workRunningCount":0}
